<?xml version="1.0" encoding="UTF-8"?>
<robot generator="Robot 3.2.2 (Python 3.8.1 on win32)" generated="20210322 00:47:16.622" rpa="false">
<suite id="s1" name="WestWingProductAdd" source="C:\Users\n.tewari\pythonProject\TestScripts\WestWingProductAdd.robot">
<test id="s1-t1" name="Test westwing product add script">
<kw name="Launch Application" library="Common" type="setup">
<doc>This method will Launch web application and accept cookies</doc>
<kw name="Open Browser" library="SeleniumLibrary">
<doc>Opens a new browser instance to the optional ``url``.</doc>
<arguments>
<arg>${url}</arg>
<arg>${browser}</arg>
</arguments>
<msg timestamp="20210322 00:47:17.387" level="INFO">Opening browser 'chrome' to base url 'https://www.westwingnow.de/'.</msg>
<status status="PASS" starttime="20210322 00:47:17.386" endtime="20210322 00:47:24.438"></status>
</kw>
<kw name="Wait Until Page Contains Element" library="SeleniumLibrary">
<doc>Waits until the element ``locator`` appears on the current page.</doc>
<arguments>
<arg>${header}</arg>
<arg>30s</arg>
</arguments>
<status status="PASS" starttime="20210322 00:47:24.438" endtime="20210322 00:47:24.461"></status>
</kw>
<kw name="Maximize Browser Window" library="SeleniumLibrary">
<doc>Maximizes current browser window.</doc>
<status status="PASS" starttime="20210322 00:47:24.462" endtime="20210322 00:47:26.596"></status>
</kw>
<kw name="Wait Until Element Is Visible" library="SeleniumLibrary">
<doc>Waits until the element ``locator`` is visible.</doc>
<arguments>
<arg>${cookiesbutton}</arg>
<arg>20s</arg>
</arguments>
<status status="PASS" starttime="20210322 00:47:26.597" endtime="20210322 00:47:26.645"></status>
</kw>
<kw name="Click Button" library="SeleniumLibrary">
<doc>Clicks the button identified by ``locator``.</doc>
<arguments>
<arg>${cookiesbutton}</arg>
</arguments>
<msg timestamp="20210322 00:47:26.647" level="INFO">Clicking button 'xpath://div//button[@id='onetrust-accept-btn-handler']'.</msg>
<status status="PASS" starttime="20210322 00:47:26.646" endtime="20210322 00:47:26.863"></status>
</kw>
<status status="PASS" starttime="20210322 00:47:17.386" endtime="20210322 00:47:26.863"></status>
</kw>
<kw name="Search product" library="WestwingHome">
<doc>This method will search a product</doc>
<kw name="Wait Until Element Is Visible" library="SeleniumLibrary">
<doc>Waits until the element ``locator`` is visible.</doc>
<arguments>
<arg>${searchproduct}</arg>
<arg>30</arg>
</arguments>
<status status="PASS" starttime="20210322 00:47:26.865" endtime="20210322 00:47:27.141"></status>
</kw>
<kw name="Click Element" library="SeleniumLibrary">
<doc>Click the element identified by ``locator``.</doc>
<arguments>
<arg>${searchproduct}</arg>
</arguments>
<msg timestamp="20210322 00:47:27.142" level="INFO">Clicking element 'xpath://form/input[@type='search']'.</msg>
<status status="PASS" starttime="20210322 00:47:27.142" endtime="20210322 00:47:27.623"></status>
</kw>
<kw name="Input Text" library="SeleniumLibrary">
<doc>Types the given ``text`` into the text field identified by ``locator``.</doc>
<arguments>
<arg>${searchproduct}</arg>
<arg>${search}\n</arg>
</arguments>
<msg timestamp="20210322 00:47:27.625" level="INFO">Typing text 'möbel
' into text field 'xpath://form/input[@type='search']'.</msg>
<status status="PASS" starttime="20210322 00:47:27.624" endtime="20210322 00:47:28.145"></status>
</kw>
<status status="PASS" starttime="20210322 00:47:26.864" endtime="20210322 00:47:28.145"></status>
</kw>
<kw name="Click Login Button" library="WestwingHome">
<kw name="Wait Until Element Is Visible" library="SeleniumLibrary">
<doc>Waits until the element ``locator`` is visible.</doc>
<arguments>
<arg>${login}</arg>
<arg>30</arg>
</arguments>
<status status="PASS" starttime="20210322 00:47:28.147" endtime="20210322 00:47:30.245"></status>
</kw>
<kw name="Click Button" library="SeleniumLibrary">
<doc>Clicks the button identified by ``locator``.</doc>
<arguments>
<arg>${login}</arg>
</arguments>
<msg timestamp="20210322 00:47:30.246" level="INFO">Clicking button 'xpath://button[contains(@class,'LoginSwitch__StyledLoginButton-sc-6baxht-1 byHGYY')][@data-testid='login-button']'.</msg>
<status status="PASS" starttime="20210322 00:47:30.246" endtime="20210322 00:47:30.646"></status>
</kw>
<kw name="Wait Until Element Is Visible" library="SeleniumLibrary">
<doc>Waits until the element ``locator`` is visible.</doc>
<arguments>
<arg>${InputEmail}</arg>
<arg>30</arg>
</arguments>
<status status="PASS" starttime="20210322 00:47:30.646" endtime="20210322 00:47:31.331"></status>
</kw>
<status status="PASS" starttime="20210322 00:47:28.146" endtime="20210322 00:47:31.332"></status>
</kw>
<kw name="Login Westwingnow" library="WestwingHome">
<kw name="Input Text" library="SeleniumLibrary">
<doc>Types the given ``text`` into the text field identified by ``locator``.</doc>
<arguments>
<arg>${InputEmail}</arg>
<arg>${emailaddress}</arg>
</arguments>
<msg timestamp="20210322 00:47:31.333" level="INFO">Typing text 'anulekhajoshiaj@gmail.com' into text field 'xpath://input[contains(@class,'FormElements__TextInput-sc-1jedgua-0 fVYPjR')][@data-testid='long-register-email-field']'.</msg>
<status status="PASS" starttime="20210322 00:47:31.333" endtime="20210322 00:47:31.589"></status>
</kw>
<kw name="Input Text" library="SeleniumLibrary">
<doc>Types the given ``text`` into the text field identified by ``locator``.</doc>
<arguments>
<arg>${password}</arg>
<arg>${passwordvalue}</arg>
</arguments>
<msg timestamp="20210322 00:47:31.590" level="INFO">Typing text 'Anulekha12' into text field 'xpath://input[contains(@class,'FormElements__TextInput-sc-1jedgua-0 fVYPjR')][@data-testid='long-register-password-field']'.</msg>
<status status="PASS" starttime="20210322 00:47:31.589" endtime="20210322 00:47:31.797"></status>
</kw>
<kw name="Click Button" library="SeleniumLibrary">
<doc>Clicks the button identified by ``locator``.</doc>
<arguments>
<arg>${submit}</arg>
</arguments>
<msg timestamp="20210322 00:47:31.798" level="INFO">Clicking button 'xpath://button[contains(@class,'ww-uikit_ActionButton-sc-a4ep1m Form__StyledActionButton-sc-1g2yka5-0 bGKzFS hklqaW')][@data-testid='login_reg_submit_btn']'.</msg>
<status status="PASS" starttime="20210322 00:47:31.798" endtime="20210322 00:47:32.391"></status>
</kw>
<status status="PASS" starttime="20210322 00:47:31.332" endtime="20210322 00:47:32.391"></status>
</kw>
<kw name="Add to wishlist" library="WestwingHome">
<doc>This method will add first visible product into the wishlist</doc>
<kw name="Wait Until Element Is Visible" library="SeleniumLibrary">
<doc>Waits until the element ``locator`` is visible.</doc>
<arguments>
<arg>${productwishlisticon}</arg>
<arg>30</arg>
</arguments>
<status status="PASS" starttime="20210322 00:47:32.395" endtime="20210322 00:47:32.549"></status>
</kw>
<kw name="Scroll Element Into View" library="SeleniumLibrary">
<doc>Scrolls the element identified by ``locator`` into view.</doc>
<arguments>
<arg>${productwishlisticon}</arg>
</arguments>
<status status="PASS" starttime="20210322 00:47:32.549" endtime="20210322 00:47:33.287"></status>
</kw>
<kw name="Mouse Over" library="SeleniumLibrary">
<doc>Simulates hovering the mouse over the element ``locator``.</doc>
<arguments>
<arg>${productwishlisticon}</arg>
</arguments>
<msg timestamp="20210322 00:47:33.289" level="INFO">Simulating Mouse Over on element 'xpath://div[@data-testid='generic-product'][1]//div[@data-testid='wishlist-icon']'.</msg>
<status status="PASS" starttime="20210322 00:47:33.288" endtime="20210322 00:47:33.986"></status>
</kw>
<kw name="Click Element" library="SeleniumLibrary">
<doc>Click the element identified by ``locator``.</doc>
<arguments>
<arg>${productwishlisticon}</arg>
</arguments>
<msg timestamp="20210322 00:47:33.987" level="INFO">Clicking element 'xpath://div[@data-testid='generic-product'][1]//div[@data-testid='wishlist-icon']'.</msg>
<status status="PASS" starttime="20210322 00:47:33.986" endtime="20210322 00:47:34.327"></status>
</kw>
<status status="PASS" starttime="20210322 00:47:32.393" endtime="20210322 00:47:34.327"></status>
</kw>
<kw name="Verify wishlisticon and delete wishlist item" library="WestwingHome">
<doc>This method will verify wishlist icon update and delete item from wishlist</doc>
<kw name="Wait Until Page Contains Element" library="SeleniumLibrary">
<doc>Waits until the element ``locator`` appears on the current page.</doc>
<arguments>
<arg>${updatedwishlisticon}</arg>
<arg>30</arg>
</arguments>
<status status="PASS" starttime="20210322 00:47:34.329" endtime="20210322 00:47:34.359"></status>
</kw>
<kw name="Click Element" library="SeleniumLibrary">
<doc>Click the element identified by ``locator``.</doc>
<arguments>
<arg>${updatedwishlisticon}</arg>
</arguments>
<msg timestamp="20210322 00:47:34.360" level="INFO">Clicking element 'xpath://div[@data-testid='wishlist-bubble']//span[@data-testid='wishlist-counter'][contains(.,'1')]'.</msg>
<status status="PASS" starttime="20210322 00:47:34.359" endtime="20210322 00:47:36.448"></status>
</kw>
<kw name="Wait Until Element Is Visible" library="SeleniumLibrary">
<doc>Waits until the element ``locator`` is visible.</doc>
<arguments>
<arg>${wishlistpageheader}</arg>
<arg>30</arg>
</arguments>
<status status="PASS" starttime="20210322 00:47:36.449" endtime="20210322 00:47:36.503"></status>
</kw>
<kw name="Wait Until Element Is Visible" library="SeleniumLibrary">
<doc>Waits until the element ``locator`` is visible.</doc>
<arguments>
<arg>${ProductTile}</arg>
<arg>30</arg>
</arguments>
<status status="PASS" starttime="20210322 00:47:36.503" endtime="20210322 00:47:36.605"></status>
</kw>
<kw name="Wait Until Element Is Visible" library="SeleniumLibrary">
<doc>Waits until the element ``locator`` is visible.</doc>
<arguments>
<arg>${deleteitem}</arg>
</arguments>
<status status="PASS" starttime="20210322 00:47:36.606" endtime="20210322 00:47:36.933"></status>
</kw>
<kw name="Click Button" library="SeleniumLibrary">
<doc>Clicks the button identified by ``locator``.</doc>
<arguments>
<arg>${deleteitem}</arg>
</arguments>
<msg timestamp="20210322 00:47:36.935" level="INFO">Clicking button 'xpath://button[contains(@class,'qaBlockListProduct__delete')]'.</msg>
<status status="PASS" starttime="20210322 00:47:36.934" endtime="20210322 00:47:37.256"></status>
</kw>
<kw name="Wait Until Element Is Not Visible" library="SeleniumLibrary">
<doc>Waits until the element ``locator`` is not visible.</doc>
<arguments>
<arg>${ProductTile}</arg>
<arg>30</arg>
</arguments>
<status status="PASS" starttime="20210322 00:47:37.256" endtime="20210322 00:47:37.365"></status>
</kw>
<status status="PASS" starttime="20210322 00:47:34.328" endtime="20210322 00:47:37.365"></status>
</kw>
<kw name="Close Browser" library="SeleniumLibrary">
<doc>Closes the current browser.</doc>
<status status="PASS" starttime="20210322 00:47:37.367" endtime="20210322 00:47:39.664"></status>
</kw>
<doc>This testcase is responsible to search a product, add it to the wishlist and then delete the product from wishlist</doc>
<status status="PASS" starttime="20210322 00:47:17.385" endtime="20210322 00:47:39.666" critical="yes"></status>
</test>
<doc>This page contains testcase to trigger the integrated testscript</doc>
<status status="PASS" starttime="20210322 00:47:16.627" endtime="20210322 00:47:39.674"></status>
</suite>
<statistics>
<total>
<stat pass="1" fail="0">Critical Tests</stat>
<stat pass="1" fail="0">All Tests</stat>
</total>
<tag>
</tag>
<suite>
<stat pass="1" fail="0" id="s1" name="WestWingProductAdd">WestWingProductAdd</stat>
</suite>
</statistics>
<errors>
</errors>
</robot>
